DEBUG:urllib3.connectionpool: Starting new HTTPS connection (1): dev.wevolver.com (2017-06-27 12:17:44; connectionpool.py:818)
DEBUG:urllib3.connectionpool: https://dev.wevolver.com:443 "GET /api/2/users/1570/checktoken/ HTTP/1.1" 200 None (2017-06-27 12:17:44; connectionpool.py:395)
INFO:django.server: "GET /rodrigo?access_token=H8VpGe6G1A1TBVvB9ImbTDKZQ4OYCl&user_id=1570 HTTP/1.1" 200 33 (2017-06-27 12:17:44; basehttp.py:124)
DEBUG:urllib3.connectionpool: Starting new HTTPS connection (1): dev.wevolver.com (2017-06-27 12:17:56; connectionpool.py:818)
DEBUG:urllib3.connectionpool: https://dev.wevolver.com:443 "POST /o/proxy-client-token HTTP/1.1" 200 None (2017-06-27 12:17:56; connectionpool.py:395)
INFO:django.server: "POST /login HTTP/1.1" 200 429 (2017-06-27 12:17:56; basehttp.py:124)
DEBUG:urllib3.connectionpool: Starting new HTTPS connection (1): dev.wevolver.com (2017-06-27 12:17:56; connectionpool.py:818)
DEBUG:urllib3.connectionpool: https://dev.wevolver.com:443 "GET /api/2/users/1570/checktoken/ HTTP/1.1" 200 None (2017-06-27 12:17:57; connectionpool.py:395)
INFO:django.server: "GET /rodrigo?access_token=ySXw1VLHfTv6gzG1TKtV8lDWVZMUUS&user_id=1570 HTTP/1.1" 200 33 (2017-06-27 12:17:57; basehttp.py:124)
DEBUG:urllib3.connectionpool: Starting new HTTPS connection (1): dev.wevolver.com (2017-06-27 12:18:06; connectionpool.py:818)
DEBUG:urllib3.connectionpool: https://dev.wevolver.com:443 "GET /api/2/users/1570/checktoken/ HTTP/1.1" 200 None (2017-06-27 12:18:06; connectionpool.py:395)
DEBUG:urllib3.connectionpool: Starting new HTTPS connection (1): dev.wevolver.com (2017-06-27 12:18:06; connectionpool.py:818)
DEBUG:urllib3.connectionpool: https://dev.wevolver.com:443 "GET /api/2/projects/436/permissions/ HTTP/1.1" 200 None (2017-06-27 12:18:06; connectionpool.py:395)
ERROR:django.request: Internal Server Error: /ben.carothers-0ba8d04/testing (2017-06-27 12:18:06; exception.py:135)
Traceback (most recent call last):
  File "/usr/local/lib/python3.6/site-packages/django/core/handlers/exception.py", line 41, in inner
    response = get_response(request)
  File "/usr/local/lib/python3.6/site-packages/django/core/handlers/base.py", line 249, in _legacy_get_response
    response = self._get_response(request)
  File "/usr/local/lib/python3.6/site-packages/django/core/handlers/base.py", line 187, in _get_response
    response = self.process_exception_by_middleware(e, request)
  File "/usr/local/lib/python3.6/site-packages/django/core/handlers/base.py", line 185, in _get_response
    response = wrapped_callback(request, *callback_args, **callback_kwargs)
  File "/code/versions/decorators.py", line 23, in wrap
    return function(request, *args, **kwargs)
  File "/code/versions/decorators.py", line 59, in _decorator
    return func(request, *args, **kwargs)
  File "/code/versions/views.py", line 147, in list_files
    repo = pygit2.Repository(os.path.join("./repos", directory, project_name))
  File "/usr/local/lib/python3.6/site-packages/pygit2/repository.py", line 1079, in __init__
    path_backend = init_file_backend(path)
_pygit2.GitError: Repository not found at ./repos/c/ee/94/dd/ben.carothers-0ba8d04/testing
DEBUG:urllib3.connectionpool: Starting new HTTPS connection (1): dev.wevolver.com (2017-06-27 12:23:09; connectionpool.py:818)
DEBUG:urllib3.connectionpool: https://dev.wevolver.com:443 "GET /api/2/users/1570/checktoken/ HTTP/1.1" 200 None (2017-06-27 12:23:09; connectionpool.py:395)
INFO:django.server: "GET /rodrigo?access_token=ySXw1VLHfTv6gzG1TKtV8lDWVZMUUS&user_id=1570 HTTP/1.1" 200 33 (2017-06-27 12:23:09; basehttp.py:124)
DEBUG:urllib3.connectionpool: Starting new HTTPS connection (1): dev.wevolver.com (2017-06-27 12:23:11; connectionpool.py:818)
DEBUG:urllib3.connectionpool: https://dev.wevolver.com:443 "GET /api/2/users/1570/checktoken/ HTTP/1.1" 200 None (2017-06-27 12:23:11; connectionpool.py:395)
DEBUG:urllib3.connectionpool: Starting new HTTPS connection (1): dev.wevolver.com (2017-06-27 12:23:11; connectionpool.py:818)
DEBUG:urllib3.connectionpool: https://dev.wevolver.com:443 "GET /api/2/projects/436/permissions/ HTTP/1.1" 200 None (2017-06-27 12:23:11; connectionpool.py:395)
DEBUG:root: Given tree is type <class '_pygit2.Tree'> (2017-06-27 12:23:11; views.py:62)
INFO:django.server: "GET /rodrigo/testing?access_token=ySXw1VLHfTv6gzG1TKtV8lDWVZMUUS&user_id=1570 HTTP/1.1" 200 188 (2017-06-27 12:23:11; basehttp.py:124)
DEBUG:urllib3.connectionpool: Starting new HTTPS connection (1): dev.wevolver.com (2017-06-27 12:23:12; connectionpool.py:818)
DEBUG:urllib3.connectionpool: https://dev.wevolver.com:443 "GET /api/2/users/1570/checktoken/ HTTP/1.1" 200 None (2017-06-27 12:23:13; connectionpool.py:395)
DEBUG:urllib3.connectionpool: Starting new HTTPS connection (1): dev.wevolver.com (2017-06-27 12:23:13; connectionpool.py:818)
DEBUG:urllib3.connectionpool: https://dev.wevolver.com:443 "GET /api/2/projects/436/permissions/ HTTP/1.1" 200 None (2017-06-27 12:23:13; connectionpool.py:395)
INFO:django.server: "GET /rodrigo/testing/bbf74f1705f0c1541c01c96dae2a048d564566dd?access_token=ySXw1VLHfTv6gzG1TKtV8lDWVZMUUS&user_id=1570 HTTP/1.1" 200 26 (2017-06-27 12:23:13; basehttp.py:124)
DEBUG:urllib3.connectionpool: Starting new HTTPS connection (1): dev.wevolver.com (2017-06-27 12:23:14; connectionpool.py:818)
DEBUG:urllib3.connectionpool: https://dev.wevolver.com:443 "GET /api/2/users/1570/checktoken/ HTTP/1.1" 200 None (2017-06-27 12:23:14; connectionpool.py:395)
DEBUG:urllib3.connectionpool: Starting new HTTPS connection (1): dev.wevolver.com (2017-06-27 12:23:14; connectionpool.py:818)
DEBUG:urllib3.connectionpool: Starting new HTTPS connection (1): dev.wevolver.com (2017-06-27 12:23:17; connectionpool.py:818)
DEBUG:urllib3.connectionpool: https://dev.wevolver.com:443 "GET /api/2/users/1570/checktoken/ HTTP/1.1" 200 None (2017-06-27 12:23:17; connectionpool.py:395)
DEBUG:urllib3.connectionpool: Starting new HTTPS connection (1): dev.wevolver.com (2017-06-27 12:23:17; connectionpool.py:818)
DEBUG:urllib3.connectionpool: https://dev.wevolver.com:443 "GET /api/2/projects/436/permissions/ HTTP/1.1" 200 None (2017-06-27 12:23:17; connectionpool.py:395)
INFO:django.server: "GET /rodrigo/testing/45b983be36b73c0788dc9cbcb76cbb80fc7bb057?access_token=ySXw1VLHfTv6gzG1TKtV8lDWVZMUUS&user_id=1570 HTTP/1.1" 200 16 (2017-06-27 12:23:17; basehttp.py:124)
DEBUG:urllib3.connectionpool: Starting new HTTPS connection (1): dev.wevolver.com (2017-06-27 12:23:19; connectionpool.py:818)
DEBUG:urllib3.connectionpool: https://dev.wevolver.com:443 "GET /api/2/users/1570/checktoken/ HTTP/1.1" 200 None (2017-06-27 12:23:19; connectionpool.py:395)
DEBUG:urllib3.connectionpool: Starting new HTTPS connection (1): dev.wevolver.com (2017-06-27 12:23:19; connectionpool.py:818)
DEBUG:urllib3.connectionpool: https://dev.wevolver.com:443 "GET /api/2/projects/436/permissions/ HTTP/1.1" 200 None (2017-06-27 12:23:19; connectionpool.py:395)
INFO:django.server: "GET /rodrigo/testing/bbf74f1705f0c1541c01c96dae2a048d564566dd?access_token=ySXw1VLHfTv6gzG1TKtV8lDWVZMUUS&user_id=1570 HTTP/1.1" 200 26 (2017-06-27 12:23:19; basehttp.py:124)
DEBUG:urllib3.connectionpool: https://dev.wevolver.com:443 "GET /api/2/projects/436/permissions/ HTTP/1.1" 200 None (2017-06-27 12:23:20; connectionpool.py:395)
INFO:django.server: "GET /rodrigo/testing/45b983be36b73c0788dc9cbcb76cbb80fc7bb057?access_token=ySXw1VLHfTv6gzG1TKtV8lDWVZMUUS&user_id=1570 HTTP/1.1" 200 16 (2017-06-27 12:23:20; basehttp.py:124)
DEBUG:urllib3.connectionpool: Starting new HTTPS connection (1): dev.wevolver.com (2017-06-27 12:23:21; connectionpool.py:818)
DEBUG:urllib3.connectionpool: https://dev.wevolver.com:443 "GET /api/2/users/1570/checktoken/ HTTP/1.1" 200 None (2017-06-27 12:23:21; connectionpool.py:395)
DEBUG:urllib3.connectionpool: Starting new HTTPS connection (1): dev.wevolver.com (2017-06-27 12:23:21; connectionpool.py:818)
DEBUG:urllib3.connectionpool: https://dev.wevolver.com:443 "GET /api/2/projects/436/permissions/ HTTP/1.1" 200 None (2017-06-27 12:23:21; connectionpool.py:395)
DEBUG:root: Given tree is type <class '_pygit2.Tree'> (2017-06-27 12:23:21; views.py:62)
INFO:django.server: "GET /rodrigo/testing1?access_token=ySXw1VLHfTv6gzG1TKtV8lDWVZMUUS&user_id=1570 HTTP/1.1" 200 100 (2017-06-27 12:23:21; basehttp.py:124)
DEBUG:urllib3.connectionpool: Starting new HTTPS connection (1): dev.wevolver.com (2017-06-27 12:23:22; connectionpool.py:818)
DEBUG:urllib3.connectionpool: https://dev.wevolver.com:443 "GET /api/2/users/1570/checktoken/ HTTP/1.1" 200 None (2017-06-27 12:23:23; connectionpool.py:395)
DEBUG:urllib3.connectionpool: Starting new HTTPS connection (1): dev.wevolver.com (2017-06-27 12:23:23; connectionpool.py:818)
DEBUG:urllib3.connectionpool: https://dev.wevolver.com:443 "GET /api/2/projects/436/permissions/ HTTP/1.1" 200 None (2017-06-27 12:23:23; connectionpool.py:395)
DEBUG:root: Given tree is type <class '_pygit2.Tree'> (2017-06-27 12:23:23; views.py:62)
INFO:django.server: "GET /rodrigo/testing?access_token=ySXw1VLHfTv6gzG1TKtV8lDWVZMUUS&user_id=1570 HTTP/1.1" 200 188 (2017-06-27 12:23:23; basehttp.py:124)
DEBUG:urllib3.connectionpool: Starting new HTTPS connection (1): dev.wevolver.com (2017-06-27 12:23:28; connectionpool.py:818)
DEBUG:urllib3.connectionpool: https://dev.wevolver.com:443 "GET /api/2/users/1570/checktoken/ HTTP/1.1" 200 None (2017-06-27 12:23:28; connectionpool.py:395)
INFO:django.server: "GET /create/rodrigo/create?access_token=ySXw1VLHfTv6gzG1TKtV8lDWVZMUUS&user_id=1570 HTTP/1.1" 200 44 (2017-06-27 12:23:28; basehttp.py:124)
DEBUG:urllib3.connectionpool: Starting new HTTPS connection (1): dev.wevolver.com (2017-06-27 12:23:30; connectionpool.py:818)
DEBUG:urllib3.connectionpool: https://dev.wevolver.com:443 "GET /api/2/users/1570/checktoken/ HTTP/1.1" 200 None (2017-06-27 12:23:30; connectionpool.py:395)
DEBUG:urllib3.connectionpool: Starting new HTTPS connection (1): dev.wevolver.com (2017-06-27 12:23:30; connectionpool.py:818)
DEBUG:urllib3.connectionpool: https://dev.wevolver.com:443 "GET /api/2/projects/436/permissions/ HTTP/1.1" 200 None (2017-06-27 12:23:30; connectionpool.py:395)
DEBUG:root: Given tree is type <class '_pygit2.Tree'> (2017-06-27 12:23:30; views.py:62)
INFO:django.server: "GET /rodrigo/create?access_token=ySXw1VLHfTv6gzG1TKtV8lDWVZMUUS&user_id=1570 HTTP/1.1" 200 100 (2017-06-27 12:23:30; basehttp.py:124)
DEBUG:urllib3.connectionpool: Starting new HTTPS connection (1): dev.wevolver.com (2017-06-27 12:23:30; connectionpool.py:818)
DEBUG:urllib3.connectionpool: https://dev.wevolver.com:443 "GET /api/2/users/1570/checktoken/ HTTP/1.1" 200 None (2017-06-27 12:23:30; connectionpool.py:395)
DEBUG:urllib3.connectionpool: Starting new HTTPS connection (1): dev.wevolver.com (2017-06-27 12:23:30; connectionpool.py:818)
DEBUG:urllib3.connectionpool: https://dev.wevolver.com:443 "GET /api/2/projects/436/permissions/ HTTP/1.1" 200 None (2017-06-27 12:23:31; connectionpool.py:395)
DEBUG:root: Given tree is type <class '_pygit2.Tree'> (2017-06-27 12:23:31; views.py:62)
INFO:django.server: "GET /rodrigo/create?access_token=ySXw1VLHfTv6gzG1TKtV8lDWVZMUUS&user_id=1570 HTTP/1.1" 200 100 (2017-06-27 12:23:31; basehttp.py:124)
DEBUG:urllib3.connectionpool: Starting new HTTPS connection (1): dev.wevolver.com (2017-06-27 12:23:31; connectionpool.py:818)
DEBUG:urllib3.connectionpool: https://dev.wevolver.com:443 "GET /api/2/users/1570/checktoken/ HTTP/1.1" 200 None (2017-06-27 12:23:31; connectionpool.py:395)
DEBUG:urllib3.connectionpool: Starting new HTTPS connection (1): dev.wevolver.com (2017-06-27 12:23:31; connectionpool.py:818)
DEBUG:urllib3.connectionpool: https://dev.wevolver.com:443 "GET /api/2/projects/436/permissions/ HTTP/1.1" 200 None (2017-06-27 12:23:32; connectionpool.py:395)
INFO:django.server: "GET /rodrigo/create/bbf74f1705f0c1541c01c96dae2a048d564566dd?access_token=ySXw1VLHfTv6gzG1TKtV8lDWVZMUUS&user_id=1570 HTTP/1.1" 200 26 (2017-06-27 12:23:32; basehttp.py:124)
